2026-05-07 11:13:30 - [32minfo[39m : [32mAplicacao funcionando na porta: 3000[39m
2026-05-07 11:14:01 - [32minfo[39m : [32mAplicacao funcionando na porta: 3000[39m
2026-05-07 11:14:05 - [32minfo[39m : [32mAplicacao funcionando na porta: 3000[39m
2026-05-07 11:14:07 - [32minfo[39m : [32mConnection sucess[39m
2026-05-07 11:14:07 - [32minfo[39m : [32mAplicacao funcionando na porta: 3000[39m
2026-05-07 11:14:25 - [32minfo[39m : [32mConnection sucess[39m
2026-05-07 11:14:25 - [32minfo[39m : [32mAplicacao funcionando na porta: 3000[39m
2026-05-07 11:14:37 - [32minfo[39m : [32mConnection sucess[39m
2026-05-07 11:14:37 - [32minfo[39m : [32mAplicacao funcionando na porta: 3000[39m
2026-05-07 11:15:20 - [32minfo[39m : [32mConnection sucess[39m
2026-05-07 11:15:20 - [32minfo[39m : [32mAplicacao funcionando na porta: 3000[39m
2026-05-07 11:15:26 - [32minfo[39m : [32mConnection sucess[39m
2026-05-07 11:15:26 - [32minfo[39m : [32mAplicacao funcionando na porta: 3000[39m
2026-05-07 11:15:33 - [31merror[39m : [31mConnection failure[39m
2026-05-07 11:15:33 - [31merror[39m : [31mError: Error: querySrv ENOTFOUND _mongodb._tcp.cluster0.kbb8ety.mongodb.net[39m
2026-05-07 11:15:33 - [32minfo[39m : [32mAplicacao funcionando na porta: 3000[39m
2026-05-07 11:15:46 - [32minfo[39m : [32mConnection sucess[39m
2026-05-07 11:15:46 - [32minfo[39m : [32mAplicacao funcionando na porta: 3000[39m
2026-05-07 11:16:00 - [32minfo[39m : [32mConnection sucess[39m
2026-05-07 11:16:00 - [32minfo[39m : [32mAplicacao funcionando na porta: 3000[39m
2026-05-07 11:16:05 - [31merror[39m : [31mConnection failure[39m
2026-05-07 11:16:11 - [32minfo[39m : [32mConnection sucess[39m
2026-05-07 11:16:11 - [32minfo[39m : [32mAplicacao funcionando na porta: 3000[39m
2026-05-11 11:11:35 - [32minfo[39m : [32mConnection sucess[39m
2026-05-11 11:11:35 - [32minfo[39m : [32mAplicacao funcionando na porta: 3000[39m
2026-05-11 11:11:47 - [35mhttp[39m : [35mGET /api/test 200 15 - 1.869 ms[39m
[35m[39m
2026-05-11 11:20:30 - [32minfo[39m : [32mConnection sucess[39m
2026-05-11 11:20:30 - [32minfo[39m : [32mAplicacao funcionando na porta: 3000[39m
2026-05-11 11:20:48 - [32minfo[39m : [32mConnection sucess[39m
2026-05-11 11:20:48 - [32minfo[39m : [32mAplicacao funcionando na porta: 3000[39m
2026-05-11 11:23:05 - [35mhttp[39m : [35mGET /api/api/movie 404 152 - 2.693 ms[39m
[35m[39m
2026-05-11 11:23:11 - [35mhttp[39m : [35mGET /api//movie 404 149 - 0.523 ms[39m
[35m[39m
2026-05-11 11:23:29 - [35mhttp[39m : [35mGET /api/movie 404 148 - 0.557 ms[39m
[35m[39m
2026-05-11 11:23:52 - [35mhttp[39m : [35mGET /api/Movie 404 148 - 0.261 ms[39m
[35m[39m
2026-05-11 11:24:11 - [35mhttp[39m : [35mGET /api/movie 404 148 - 0.409 ms[39m
[35m[39m
2026-05-11 11:24:13 - [35mhttp[39m : [35mPOST /api/movie 200 7 - 1.169 ms[39m
[35m[39m
2026-05-11 11:25:12 - [32minfo[39m : [32mConnection sucess[39m
2026-05-11 11:25:12 - [32minfo[39m : [32mAplicacao funcionando na porta: 3000[39m
2026-05-11 11:25:15 - [32minfo[39m : [32mConnection sucess[39m
2026-05-11 11:25:15 - [32minfo[39m : [32mAplicacao funcionando na porta: 3000[39m
2026-05-11 11:25:27 - [32minfo[39m : [32mConnection sucess[39m
2026-05-11 11:25:27 - [32minfo[39m : [32mAplicacao funcionando na porta: 3000[39m
2026-05-11 11:25:30 - [32minfo[39m : [32mConnection sucess[39m
2026-05-11 11:25:30 - [32minfo[39m : [32mAplicacao funcionando na porta: 3000[39m
2026-05-11 11:25:43 - [32minfo[39m : [32mConnection sucess[39m
2026-05-11 11:25:43 - [32minfo[39m : [32mAplicacao funcionando na porta: 3000[39m
2026-05-11 11:25:49 - [32minfo[39m : [32mConnection sucess[39m
2026-05-11 11:25:49 - [32minfo[39m : [32mAplicacao funcionando na porta: 3000[39m
2026-05-11 11:25:52 - [32minfo[39m : [32mConnection sucess[39m
2026-05-11 11:25:52 - [32minfo[39m : [32mAplicacao funcionando na porta: 3000[39m
2026-05-11 11:25:55 - [32minfo[39m : [32mConnection sucess[39m
2026-05-11 11:25:55 - [32minfo[39m : [32mAplicacao funcionando na porta: 3000[39m
2026-05-11 11:26:09 - [32minfo[39m : [32mConnection sucess[39m
2026-05-11 11:26:09 - [32minfo[39m : [32mAplicacao funcionando na porta: 3000[39m
2026-05-11 11:26:12 - [32minfo[39m : [32mConnection sucess[39m
2026-05-11 11:26:12 - [32minfo[39m : [32mAplicacao funcionando na porta: 3000[39m
2026-05-11 11:26:15 - [32minfo[39m : [32mConnection sucess[39m
2026-05-11 11:26:15 - [32minfo[39m : [32mAplicacao funcionando na porta: 3000[39m
2026-05-11 11:26:17 - [32minfo[39m : [32mConnection sucess[39m
2026-05-11 11:26:17 - [32minfo[39m : [32mAplicacao funcionando na porta: 3000[39m
2026-05-11 11:26:19 - [32minfo[39m : [32mConnection sucess[39m
2026-05-11 11:26:19 - [32minfo[39m : [32mAplicacao funcionando na porta: 3000[39m
2026-05-11 11:26:23 - [32minfo[39m : [32mConnection sucess[39m
2026-05-11 11:26:23 - [32minfo[39m : [32mAplicacao funcionando na porta: 3000[39m
2026-05-11 11:26:25 - [32minfo[39m : [32mConnection sucess[39m
2026-05-11 11:26:25 - [32minfo[39m : [32mAplicacao funcionando na porta: 3000[39m
2026-05-11 11:26:35 - [32minfo[39m : [32mConnection sucess[39m
2026-05-11 11:26:35 - [32minfo[39m : [32mAplicacao funcionando na porta: 3000[39m
2026-05-11 11:26:39 - [32minfo[39m : [32mConnection sucess[39m
2026-05-11 11:26:39 - [32minfo[39m : [32mAplicacao funcionando na porta: 3000[39m
2026-05-11 11:26:42 - [32minfo[39m : [32mConnection sucess[39m
2026-05-11 11:26:42 - [32minfo[39m : [32mAplicacao funcionando na porta: 3000[39m
2026-05-11 11:26:45 - [32minfo[39m : [32mConnection sucess[39m
2026-05-11 11:26:45 - [32minfo[39m : [32mAplicacao funcionando na porta: 3000[39m
2026-05-11 11:26:48 - [32minfo[39m : [32mConnection sucess[39m
2026-05-11 11:26:48 - [32minfo[39m : [32mAplicacao funcionando na porta: 3000[39m
2026-05-11 11:26:56 - [32minfo[39m : [32mConnection sucess[39m
2026-05-11 11:26:56 - [32minfo[39m : [32mAplicacao funcionando na porta: 3000[39m
2026-05-11 11:27:00 - [32minfo[39m : [32mConnection sucess[39m
2026-05-11 11:27:00 - [32minfo[39m : [32mAplicacao funcionando na porta: 3000[39m
2026-05-11 11:27:08 - [32minfo[39m : [32mConnection sucess[39m
2026-05-11 11:27:08 - [32minfo[39m : [32mAplicacao funcionando na porta: 3000[39m
2026-05-11 11:29:36 - [35mhttp[39m : [35mPOST /api/movie 201 423 - 54.378 ms[39m
[35m[39m
2026-05-11 11:29:47 - [35mhttp[39m : [35mPOST /api/movie 201 386 - 41.415 ms[39m
[35m[39m
2026-05-11 11:29:55 - [35mhttp[39m : [35mPOST /api/movie 201 417 - 40.242 ms[39m
[35m[39m
2026-05-11 11:30:01 - [35mhttp[39m : [35mPOST /api/movie 201 368 - 43.609 ms[39m
[35m[39m
2026-05-11 11:30:11 - [35mhttp[39m : [35mPOST /api/movie 201 387 - 44.364 ms[39m
[35m[39m
2026-05-12 21:11:58 - [32minfo[39m : [32mConnection sucess[39m
2026-05-12 21:11:58 - [32minfo[39m : [32mAplicacao funcionando na porta: 3000[39m
2026-05-12 21:12:31 - [35mhttp[39m : [35mPOST /api/movie 201 177 - 152.514 ms[39m
[35m[39m
2026-05-12 21:19:22 - [32minfo[39m : [32mConnection sucess[39m
2026-05-12 21:19:22 - [32minfo[39m : [32mAplicacao funcionando na porta: 3000[39m
2026-05-12 21:19:44 - [35mhttp[39m : [35mPOST /api/movie 422 48 - 4.106 ms[39m
[35m[39m
2026-05-12 21:20:18 - [32minfo[39m : [32mConnection sucess[39m
2026-05-12 21:20:18 - [32minfo[39m : [32mAplicacao funcionando na porta: 3000[39m
2026-05-12 21:20:23 - [32minfo[39m : [32mConnection sucess[39m
2026-05-12 21:20:23 - [32minfo[39m : [32mAplicacao funcionando na porta: 3000[39m
2026-05-12 21:20:27 - [32minfo[39m : [32mConnection sucess[39m
2026-05-12 21:20:27 - [32minfo[39m : [32mAplicacao funcionando na porta: 3000[39m
2026-05-12 21:20:32 - [32minfo[39m : [32mConnection sucess[39m
2026-05-12 21:20:32 - [32minfo[39m : [32mAplicacao funcionando na porta: 3000[39m
2026-05-12 21:20:35 - [32minfo[39m : [32mConnection sucess[39m
2026-05-12 21:20:35 - [32minfo[39m : [32mAplicacao funcionando na porta: 3000[39m
2026-05-12 21:20:37 - [32minfo[39m : [32mConnection sucess[39m
2026-05-12 21:20:37 - [32minfo[39m : [32mAplicacao funcionando na porta: 3000[39m
2026-05-12 21:20:41 - [32minfo[39m : [32mConnection sucess[39m
2026-05-12 21:20:41 - [32minfo[39m : [32mAplicacao funcionando na porta: 3000[39m
2026-05-12 21:20:47 - [32minfo[39m : [32mConnection sucess[39m
2026-05-12 21:20:47 - [32minfo[39m : [32mAplicacao funcionando na porta: 3000[39m
2026-05-12 21:20:49 - [32minfo[39m : [32mConnection sucess[39m
2026-05-12 21:20:49 - [32minfo[39m : [32mAplicacao funcionando na porta: 3000[39m
2026-05-12 21:21:11 - [32minfo[39m : [32mConnection sucess[39m
2026-05-12 21:21:11 - [32minfo[39m : [32mAplicacao funcionando na porta: 3000[39m
2026-05-12 21:21:28 - [35mhttp[39m : [35mPOST /api/movie 422 70 - 5.295 ms[39m
[35m[39m
2026-05-12 21:21:48 - [32minfo[39m : [32mConnection sucess[39m
2026-05-12 21:21:48 - [32minfo[39m : [32mAplicacao funcionando na porta: 3000[39m
2026-05-12 21:21:54 - [32minfo[39m : [32mConnection sucess[39m
2026-05-12 21:21:54 - [32minfo[39m : [32mAplicacao funcionando na porta: 3000[39m
2026-05-12 21:21:57 - [32minfo[39m : [32mConnection sucess[39m
2026-05-12 21:21:57 - [32minfo[39m : [32mAplicacao funcionando na porta: 3000[39m
2026-05-12 21:22:00 - [32minfo[39m : [32mConnection sucess[39m
2026-05-12 21:22:00 - [32minfo[39m : [32mAplicacao funcionando na porta: 3000[39m
2026-05-12 21:22:27 - [32minfo[39m : [32mConnection sucess[39m
2026-05-12 21:22:27 - [32minfo[39m : [32mAplicacao funcionando na porta: 3000[39m
2026-05-12 21:22:35 - [32minfo[39m : [32mConnection sucess[39m
2026-05-12 21:22:35 - [32minfo[39m : [32mAplicacao funcionando na porta: 3000[39m
2026-05-12 21:22:40 - [32minfo[39m : [32mConnection sucess[39m
2026-05-12 21:22:40 - [32minfo[39m : [32mAplicacao funcionando na porta: 3000[39m
2026-05-12 21:23:01 - [32minfo[39m : [32mConnection sucess[39m
2026-05-12 21:23:01 - [32minfo[39m : [32mAplicacao funcionando na porta: 3000[39m
2026-05-12 21:23:03 - [32minfo[39m : [32mConnection sucess[39m
2026-05-12 21:23:03 - [32minfo[39m : [32mAplicacao funcionando na porta: 3000[39m
2026-05-12 21:23:43 - [32minfo[39m : [32mConnection sucess[39m
2026-05-12 21:23:43 - [32minfo[39m : [32mAplicacao funcionando na porta: 3000[39m
2026-05-12 21:23:55 - [32minfo[39m : [32mConnection sucess[39m
2026-05-12 21:23:55 - [32minfo[39m : [32mAplicacao funcionando na porta: 3000[39m
2026-05-12 21:24:11 - [32minfo[39m : [32mConnection sucess[39m
2026-05-12 21:24:11 - [32minfo[39m : [32mAplicacao funcionando na porta: 3000[39m
2026-05-12 21:24:34 - [32minfo[39m : [32mConnection sucess[39m
2026-05-12 21:24:34 - [32minfo[39m : [32mAplicacao funcionando na porta: 3000[39m
2026-05-12 21:24:39 - [32minfo[39m : [32mConnection sucess[39m
2026-05-12 21:24:39 - [32minfo[39m : [32mAplicacao funcionando na porta: 3000[39m
2026-05-12 21:24:45 - [32minfo[39m : [32mConnection sucess[39m
2026-05-12 21:24:45 - [32minfo[39m : [32mAplicacao funcionando na porta: 3000[39m
2026-05-12 21:25:03 - [32minfo[39m : [32mConnection sucess[39m
2026-05-12 21:25:03 - [32minfo[39m : [32mAplicacao funcionando na porta: 3000[39m
2026-05-12 21:25:08 - [32minfo[39m : [32mConnection sucess[39m
2026-05-12 21:25:08 - [32minfo[39m : [32mAplicacao funcionando na porta: 3000[39m
2026-05-12 21:25:12 - [32minfo[39m : [32mConnection sucess[39m
2026-05-12 21:25:12 - [32minfo[39m : [32mAplicacao funcionando na porta: 3000[39m
2026-05-12 21:25:28 - [35mhttp[39m : [35mPOST /api/movie 422 59 - 6.581 ms[39m
[35m[39m
2026-05-12 21:25:32 - [35mhttp[39m : [35mPOST /api/movie 201 147 - 58.035 ms[39m
[35m[39m
2026-05-12 21:26:17 - [32minfo[39m : [32mConnection sucess[39m
2026-05-12 21:26:17 - [32minfo[39m : [32mAplicacao funcionando na porta: 3000[39m
2026-05-12 21:26:28 - [32minfo[39m : [32mConnection sucess[39m
2026-05-12 21:26:28 - [32minfo[39m : [32mAplicacao funcionando na porta: 3000[39m
2026-05-12 21:26:36 - [32minfo[39m : [32mConnection sucess[39m
2026-05-12 21:26:36 - [32minfo[39m : [32mAplicacao funcionando na porta: 3000[39m
2026-05-12 21:27:31 - [32minfo[39m : [32mConnection sucess[39m
2026-05-12 21:27:31 - [32minfo[39m : [32mAplicacao funcionando na porta: 3000[39m
2026-05-12 21:27:36 - [32minfo[39m : [32mConnection sucess[39m
2026-05-12 21:27:36 - [32minfo[39m : [32mAplicacao funcionando na porta: 3000[39m
2026-05-12 21:27:40 - [32minfo[39m : [32mConnection sucess[39m
2026-05-12 21:27:40 - [32minfo[39m : [32mAplicacao funcionando na porta: 3000[39m
2026-05-12 21:27:46 - [32minfo[39m : [32mConnection sucess[39m
2026-05-12 21:27:46 - [32minfo[39m : [32mAplicacao funcionando na porta: 3000[39m
2026-05-12 21:27:50 - [32minfo[39m : [32mConnection sucess[39m
2026-05-12 21:27:50 - [32minfo[39m : [32mAplicacao funcionando na porta: 3000[39m
2026-05-12 21:27:55 - [32minfo[39m : [32mConnection sucess[39m
2026-05-12 21:27:55 - [32minfo[39m : [32mAplicacao funcionando na porta: 3000[39m
2026-05-12 21:28:24 - [32minfo[39m : [32mConnection sucess[39m
2026-05-12 21:28:24 - [32minfo[39m : [32mAplicacao funcionando na porta: 3000[39m
2026-05-12 21:28:27 - [32minfo[39m : [32mConnection sucess[39m
2026-05-12 21:28:27 - [32minfo[39m : [32mAplicacao funcionando na porta: 3000[39m
2026-05-12 21:28:32 - [32minfo[39m : [32mConnection sucess[39m
2026-05-12 21:28:32 - [32minfo[39m : [32mAplicacao funcionando na porta: 3000[39m
2026-05-12 21:28:41 - [32minfo[39m : [32mConnection sucess[39m
2026-05-12 21:28:41 - [32minfo[39m : [32mAplicacao funcionando na porta: 3000[39m
2026-05-12 21:28:43 - [32minfo[39m : [32mConnection sucess[39m
2026-05-12 21:28:43 - [32minfo[39m : [32mAplicacao funcionando na porta: 3000[39m
2026-05-12 21:29:14 - [32minfo[39m : [32mConnection sucess[39m
2026-05-12 21:29:14 - [32minfo[39m : [32mAplicacao funcionando na porta: 3000[39m
2026-05-12 21:29:16 - [32minfo[39m : [32mConnection sucess[39m
2026-05-12 21:29:16 - [32minfo[39m : [32mAplicacao funcionando na porta: 3000[39m
2026-05-12 21:29:21 - [32minfo[39m : [32mConnection sucess[39m
2026-05-12 21:29:21 - [32minfo[39m : [32mAplicacao funcionando na porta: 3000[39m
2026-05-12 21:29:31 - [32minfo[39m : [32mConnection sucess[39m
2026-05-12 21:29:31 - [32minfo[39m : [32mAplicacao funcionando na porta: 3000[39m
2026-05-12 21:29:43 - [32minfo[39m : [32mConnection sucess[39m
2026-05-12 21:29:43 - [32minfo[39m : [32mAplicacao funcionando na porta: 3000[39m
2026-05-12 21:30:12 - [32minfo[39m : [32mConnection sucess[39m
2026-05-12 21:30:12 - [32minfo[39m : [32mAplicacao funcionando na porta: 3000[39m
2026-05-12 21:34:38 - [35mhttp[39m : [35mPOST /api/movie 201 275 - 63.321 ms[39m
[35m[39m
2026-05-12 21:34:54 - [35mhttp[39m : [35mPOST /api/movie 201 276 - 41.940 ms[39m
[35m[39m
